<?xml version="1.0" encoding="UTF-8" ?>
<testsuite tests="2" failures="0" name="com.imooc.o2o.service.LocalAuthServiceTest" time="0.344" errors="1" skipped="1">
  <properties>
[...]
</properties>
  <testcase classname="com.imooc.o2o.service.LocalAuthServiceTest" name="testABindLocalAuth" time="0.001">
    <skipped/>
    <system-out>2020-02-26 15:14:17.900 [main] INFO  o.s.t.c.support.DefaultTestContextBootstrapper - Loaded default TestExecutionListener class names from location [META-INF/spring.factories]: [org.springframework.test.context.web.ServletTestExecutionListener, org.springframework.test.context.support.DirtiesContextBeforeModesTestExecutionListener, org.springframework.test.context.support.DependencyInjectionTestExecutionListener, org.springframework.test.context.support.DirtiesContextTestExecutionListener, org.springframework.test.context.transaction.TransactionalTestExecutionListener, org.springframework.test.context.jdbc.SqlScriptsTestExecutionListener]
2020-02-26 15:14:17.900 [main] INFO  o.s.t.c.support.DefaultTestContextBootstrapper - Using TestExecutionListeners: [org.springframework.test.context.web.ServletTestExecutionListener@3ee39da0, org.springframework.test.context.support.DirtiesContextBeforeModesTestExecutionListener@5d332969, org.springframework.test.context.support.DependencyInjectionTestExecutionListener@7cc9ce8, org.springframework.test.context.support.DirtiesContextTestExecutionListener@2e27d72f, org.springframework.test.context.transaction.TransactionalTestExecutionListener@c0b41d6, org.springframework.test.context.jdbc.SqlScriptsTestExecutionListener@4837595f]
</system-out>
  </testcase>
  <testcase classname="com.imooc.o2o.service.LocalAuthServiceTest" name="testBModifyLocalAuth" time="0.343">
    <error message="更新密码失败:com.imooc.o2o.exceptions.LocalAuthOperationException: 更新密码失败" type="com.imooc.o2o.exceptions.LocalAuthOperationException">com.imooc.o2o.exceptions.LocalAuthOperationException: 更新密码失败:com.imooc.o2o.exceptions.LocalAuthOperationException: 更新密码失败
	at com.imooc.o2o.service.impl.LocalAuthServiceImpl.modifyLocalAuth(LocalAuthServiceImpl.java:82)
	at sun.reflect.NativeMethodAccessorImpl.invoke0(Native Method)
	at sun.reflect.NativeMethodAccessorImpl.invoke(NativeMethodAccessorImpl.java:62)
	at sun.reflect.DelegatingMethodAccessorImpl.invoke(DelegatingMethodAccessorImpl.java:43)
	at java.lang.reflect.Method.invoke(Method.java:498)
	at org.springframework.aop.support.AopUtils.invokeJoinpointUsingReflection(AopUtils.java:343)
	at org.springframework.aop.framework.ReflectiveMethodInvocation.invokeJoinpoint(ReflectiveMethodInvocation.java:198)
	at org.springframework.aop.framework.ReflectiveMethodInvocation.proceed(ReflectiveMethodInvocation.java:163)
	at org.springframework.transaction.interceptor.TransactionAspectSupport.invokeWithinTransaction(TransactionAspectSupport.java:295)
	at org.springframework.transaction.interceptor.TransactionInterceptor.invoke(TransactionInterceptor.java:98)
	at org.springframework.aop.framework.ReflectiveMethodInvocation.proceed(ReflectiveMethodInvocation.java:186)
	at org.springframework.aop.framework.JdkDynamicAopProxy.invoke(JdkDynamicAopProxy.java:212)
	at com.sun.proxy.$Proxy31.modifyLocalAuth(Unknown Source)
	at com.imooc.o2o.service.LocalAuthServiceTest.testBModifyLocalAuth(LocalAuthServiceTest.java:57)
	at sun.reflect.NativeMethodAccessorImpl.invoke0(Native Method)
	at sun.reflect.NativeMethodAccessorImpl.invoke(NativeMethodAccessorImpl.java:62)
	at sun.reflect.DelegatingMethodAccessorImpl.invoke(DelegatingMethodAccessorImpl.java:43)
	at java.lang.reflect.Method.invoke(Method.java:498)
	at org.junit.runners.model.FrameworkMethod$1.runReflectiveCall(FrameworkMethod.java:50)
	at org.junit.internal.runners.model.ReflectiveCallable.run(ReflectiveCallable.java:12)
	at org.junit.runners.model.FrameworkMethod.invokeExplosively(FrameworkMethod.java:47)
	at org.junit.internal.runners.statements.InvokeMethod.evaluate(InvokeMethod.java:17)
	at org.springframework.test.context.junit4.statements.RunBeforeTestExecutionCallbacks.evaluate(RunBeforeTestExecutionCallbacks.java:74)
	at org.springframework.test.context.junit4.statements.RunAfterTestExecutionCallbacks.evaluate(RunAfterTestExecutionCallbacks.java:84)
	at org.springframework.test.context.junit4.statements.RunBeforeTestMethodCallbacks.evaluate(RunBeforeTestMethodCallbacks.java:75)
	at org.springframework.test.context.junit4.statements.RunAfterTestMethodCallbacks.evaluate(RunAfterTestMethodCallbacks.java:86)
	at org.springframework.test.context.junit4.statements.SpringRepeat.evaluate(SpringRepeat.java:84)
	at org.junit.runners.ParentRunner.runLeaf(ParentRunner.java:325)
	at org.springframework.test.context.junit4.SpringJUnit4ClassRunner.runChild(SpringJUnit4ClassRunner.java:251)
	at org.springframework.test.context.junit4.SpringJUnit4ClassRunner.runChild(SpringJUnit4ClassRunner.java:97)
	at org.junit.runners.ParentRunner$3.run(ParentRunner.java:290)
	at org.junit.runners.ParentRunner$1.schedule(ParentRunner.java:71)
	at org.junit.runners.ParentRunner.runChildren(ParentRunner.java:288)
	at org.junit.runners.ParentRunner.access$000(ParentRunner.java:58)
	at org.junit.runners.ParentRunner$2.evaluate(ParentRunner.java:268)
	at org.springframework.test.context.junit4.statements.RunBeforeTestClassCallbacks.evaluate(RunBeforeTestClassCallbacks.java:61)
	at org.springframework.test.context.junit4.statements.RunAfterTestClassCallbacks.evaluate(RunAfterTestClassCallbacks.java:70)
	at org.junit.runners.ParentRunner.run(ParentRunner.java:363)
	at org.springframework.test.context.junit4.SpringJUnit4ClassRunner.run(SpringJUnit4ClassRunner.java:190)
	at org.apache.maven.surefire.junit4.JUnit4Provider.execute(JUnit4Provider.java:252)
	at org.apache.maven.surefire.junit4.JUnit4Provider.executeTestSet(JUnit4Provider.java:141)
	at org.apache.maven.surefire.junit4.JUnit4Provider.invoke(JUnit4Provider.java:112)
	at sun.reflect.NativeMethodAccessorImpl.invoke0(Native Method)
	at sun.reflect.NativeMethodAccessorImpl.invoke(NativeMethodAccessorImpl.java:62)
	at sun.reflect.DelegatingMethodAccessorImpl.invoke(DelegatingMethodAccessorImpl.java:43)
	at java.lang.reflect.Method.invoke(Method.java:498)
	at org.apache.maven.surefire.util.ReflectionUtils.invokeMethodWithArray(ReflectionUtils.java:189)
	at org.apache.maven.surefire.booter.ProviderFactory$ProviderProxy.invoke(ProviderFactory.java:165)
	at org.apache.maven.surefire.booter.ProviderFactory.invokeProvider(ProviderFactory.java:85)
	at org.apache.maven.surefire.booter.ForkedBooter.runSuitesInProcess(ForkedBooter.java:115)
	at org.apache.maven.surefire.booter.ForkedBooter.main(ForkedBooter.java:75)
</error>
    <system-out>2020-02-26 15:14:17.903 [main] DEBUG c.imooc.o2o.dao.split.DynamicDataSourceInterceptor - ���÷���[com.imooc.o2o.dao.LocalAuthDao.updateLocalAuth] use [master] Strategy, SqlCommanType [UPDATE]..
2020-02-26 15:14:17.903 [main] DEBUG com.imooc.o2o.dao.split.DynamicDataSourceHolder - ��ʹ�õ�����ԴΪ��master
2020-02-26 15:14:17.904 [main] DEBUG com.imooc.o2o.dao.LocalAuthDao.updateLocalAuth - ==&gt;  Preparing: update tb_local_auth SET password=?, last_edit_time=? where user_id=? AND username=? AND password=? 
2020-02-26 15:14:17.972 [main] DEBUG com.imooc.o2o.dao.LocalAuthDao.updateLocalAuth - ==&gt; Parameters: 6559sq606y6l92e9ss5qsqb5q92e566b(String), 2020-02-26 15:14:17.902(Timestamp), 1(Long), testusername(String), s06l5bl5s05602ly2syls6556q56sb6e(String)
2020-02-26 15:14:18.085 [main] DEBUG com.imooc.o2o.dao.LocalAuthDao.updateLocalAuth - &lt;==    Updates: 0
</system-out>
  </testcase>
</testsuite>